0 info it worked if it ends with ok
1 verbose cli [ '/usr/local/Cellar/node/4.2.1/bin/node',
1 verbose cli   '/usr/local/bin/npm',
1 verbose cli   'publish',
1 verbose cli   'cordova-plugin-voiceit/' ]
2 info using npm@3.3.8
3 info using node@v4.2.1
4 verbose publish [ 'cordova-plugin-voiceit/' ]
5 silly cache add args [ 'cordova-plugin-voiceit/', null ]
6 verbose cache add spec cordova-plugin-voiceit/
7 silly cache add parsed spec Result {
7 silly cache add   raw: 'cordova-plugin-voiceit/',
7 silly cache add   scope: null,
7 silly cache add   name: null,
7 silly cache add   rawSpec: 'cordova-plugin-voiceit/',
7 silly cache add   spec: '/Users/armaanbindra/VoiceIt/Wrappers/cordova-plugin-voiceit/cordova-plugin-voiceit',
7 silly cache add   type: 'local' }
8 error addLocal Could not install /Users/armaanbindra/VoiceIt/Wrappers/cordova-plugin-voiceit/cordova-plugin-voiceit
9 verbose stack Error: ENOENT: no such file or directory, open '/Users/armaanbindra/VoiceIt/Wrappers/cordova-plugin-voiceit/cordova-plugin-voiceit'
9 verbose stack     at Error (native)
10 verbose cwd /Users/armaanbindra/VoiceIt/Wrappers/cordova-plugin-voiceit
11 error Darwin 15.2.0
12 error argv "/usr/local/Cellar/node/4.2.1/bin/node" "/usr/local/bin/npm" "publish" "cordova-plugin-voiceit/"
13 error node v4.2.1
14 error npm  v3.3.8
15 error path /Users/armaanbindra/VoiceIt/Wrappers/cordova-plugin-voiceit/cordova-plugin-voiceit
16 error code ENOENT
17 error errno -2
18 error syscall open
19 error enoent ENOENT: no such file or directory, open '/Users/armaanbindra/VoiceIt/Wrappers/cordova-plugin-voiceit/cordova-plugin-voiceit'
19 error enoent This is most likely not a problem with npm itself
19 error enoent and is related to npm not being able to find a file.
20 verbose exit [ -2, true ]
